<?xml version="1.0" encoding="UTF-8"?>
<!-- Generated by org.testng.reporters.JUnitXMLReporter -->
<testsuite hostname="shahbaz-PC" ignored="0" name="Default test" tests="3" failures="0" timestamp="03 Jan 2019 13:07:19 GMT" time="16.621" errors="0">
  <testcase name="MainPageNavigation" time="1.881" classname="Academy.E2E_Project_New.HomePage"/>
  <testcase name="MainPageNavigation" time="1.333" classname="Academy.E2E_Project_New.HomePage"/>
  <testcase name="MainPageNavigation" time="1.263" classname="Academy.E2E_Project_New.HomePage"/>
</testsuite> <!-- Default test -->
