<?xml version="1.0" encoding="UTF-8"?>
<testng-results skipped="0" failed="0" ignored="0" total="3" passed="3">
  <reporter-output>
  </reporter-output>
  <suite name="Default suite" duration-ms="16621" started-at="2019-01-03T13:07:02Z" finished-at="2019-01-03T13:07:19Z">
    <groups>
    </groups>
    <test name="Default test" duration-ms="16621" started-at="2019-01-03T13:07:02Z" finished-at="2019-01-03T13:07:19Z">
      <class name="Academy.E2E_Project_New.HomePage">
        <test-method status="PASS" signature="browser_invoke()[pri:0, instance:Academy.E2E_Project_New.HomePage@5792a0]" name="browser_invoke" is-config="true" duration-ms="11388" started-at="2019-01-03T13:07:02Z" finished-at="2019-01-03T13:07:14Z">
          <reporter-output>
          </reporter-output>
        </test-method> <!-- browser_invoke -->
        <test-method status="PASS" signature="MainPageNavigation(java.lang.String, java.lang.String)[pri:0, instance:Academy.E2E_Project_New.HomePage@5792a0]" name="MainPageNavigation" duration-ms="1881" started-at="2019-01-03T13:07:14Z" data-provider="get_login_Data" finished-at="2019-01-03T13:07:15Z">
          <params>
            <param index="0">
              <value>
                <![CDATA[provider@test.com]]>
              </value>
            </param>
            <param index="1">
              <value>
                <![CDATA[provider123]]>
              </value>
            </param>
          </params>
          <reporter-output>
          </reporter-output>
        </test-method> <!-- MainPageNavigation -->
        <test-method status="PASS" signature="MainPageNavigation(java.lang.String, java.lang.String)[pri:0, instance:Academy.E2E_Project_New.HomePage@5792a0]" name="MainPageNavigation" duration-ms="1333" started-at="2019-01-03T13:07:15Z" data-provider="get_login_Data" finished-at="2019-01-03T13:07:17Z">
          <params>
            <param index="0">
              <value>
                <![CDATA[shahbaz.careerdeveloper67@gmail.com]]>
              </value>
            </param>
            <param index="1">
              <value>
                <![CDATA[provider123]]>
              </value>
            </param>
          </params>
          <reporter-output>
          </reporter-output>
        </test-method> <!-- MainPageNavigation -->
        <test-method status="PASS" signature="MainPageNavigation(java.lang.String, java.lang.String)[pri:0, instance:Academy.E2E_Project_New.HomePage@5792a0]" name="MainPageNavigation" duration-ms="1263" started-at="2019-01-03T13:07:17Z" data-provider="get_login_Data" finished-at="2019-01-03T13:07:18Z">
          <params>
            <param index="0">
              <value>
                <![CDATA[shahbazhanif87@gmail.com]]>
              </value>
            </param>
            <param index="1">
              <value>
                <![CDATA[provider123]]>
              </value>
            </param>
          </params>
          <reporter-output>
          </reporter-output>
        </test-method> <!-- MainPageNavigation -->
        <test-method status="PASS" signature="browser_quite()[pri:0, instance:Academy.E2E_Project_New.HomePage@5792a0]" name="browser_quite" is-config="true" duration-ms="719" started-at="2019-01-03T13:07:18Z" finished-at="2019-01-03T13:07:19Z">
          <reporter-output>
          </reporter-output>
        </test-method> <!-- browser_quite -->
      </class> <!-- Academy.E2E_Project_New.HomePage -->
    </test> <!-- Default test -->
  </suite> <!-- Default suite -->
</testng-results>
